<?xml version="1.0" encoding="UTF-8" ?>
<testsuite errors="0" failures="0" hostname="Ilyas-MacBook-Pro.local" name="expressivo.ExpressionTest" skipped="0" tests="27" time="0.633" timestamp="2017-03-19T15:38:54">
  <properties>
[...]
</properties>
  <testcase classname="expressivo.ExpressionTest" name="testHashCode[same one variable]" time="0.082" />
  <testcase classname="expressivo.ExpressionTest" name="testEquals[same one variable]" time="0.034" />
  <testcase classname="expressivo.ExpressionTest" name="testToStringConsistent[same one variable]" time="0.019" />
  <testcase classname="expressivo.ExpressionTest" name="testHashCode[same one operator]" time="0.023" />
  <testcase classname="expressivo.ExpressionTest" name="testEquals[same one operator]" time="0.016" />
  <testcase classname="expressivo.ExpressionTest" name="testToStringConsistent[same one operator]" time="0.015" />
  <testcase classname="expressivo.ExpressionTest" name="testHashCode[same expression with numbers/variables/operators]" time="0.021" />
  <testcase classname="expressivo.ExpressionTest" name="testEquals[same expression with numbers/variables/operators]" time="0.011" />
  <testcase classname="expressivo.ExpressionTest" name="testToStringConsistent[same expression with numbers/variables/operators]" time="0.016" />
  <testcase classname="expressivo.ExpressionTest" name="testHashCode[var and same var parenthesized]" time="0.013" />
  <testcase classname="expressivo.ExpressionTest" name="testEquals[var and same var parenthesized]" time="0.016" />
  <testcase classname="expressivo.ExpressionTest" name="testToStringConsistent[var and same var parenthesized]" time="0.019" />
  <testcase classname="expressivo.ExpressionTest" name="testHashCode[one operator and same operator parenthesized]" time="0.019" />
  <testcase classname="expressivo.ExpressionTest" name="testEquals[one operator and same operator parenthesized]" time="0.011" />
  <testcase classname="expressivo.ExpressionTest" name="testToStringConsistent[one operator and same operator parenthesized]" time="0.01" />
  <testcase classname="expressivo.ExpressionTest" name="testHashCode[* + * same as (*)+(*)]" time="0.014" />
  <testcase classname="expressivo.ExpressionTest" name="testEquals[* + * same as (*)+(*)]" time="0.015" />
  <testcase classname="expressivo.ExpressionTest" name="testToStringConsistent[* + * same as (*)+(*)]" time="0.015" />
  <testcase classname="expressivo.ExpressionTest" name="testHashCode[((*)+)* different from * + *]" time="0.01" />
  <testcase classname="expressivo.ExpressionTest" name="testEquals[((*)+)* different from * + *]" time="0.011" />
  <testcase classname="expressivo.ExpressionTest" name="testToStringConsistent[((*)+)* different from * + *]" time="0.018" />
  <testcase classname="expressivo.ExpressionTest" name="testHashCode[+ not commutative under structual equality]" time="0.024" />
  <testcase classname="expressivo.ExpressionTest" name="testEquals[+ not commutative under structual equality]" time="0.024" />
  <testcase classname="expressivo.ExpressionTest" name="testToStringConsistent[+ not commutative under structual equality]" time="0.019" />
  <testcase classname="expressivo.ExpressionTest" name="testHashCode[* not commutative under structual equality]" time="0.032" />
  <testcase classname="expressivo.ExpressionTest" name="testEquals[* not commutative under structual equality]" time="0.011" />
  <testcase classname="expressivo.ExpressionTest" name="testToStringConsistent[* not commutative under structual equality]" time="0.013" />
  <system-out><![CDATA[]]></system-out>
  <system-err><![CDATA[]]></system-err>
</testsuite>
