<?xml version="1.0" encoding="UTF-8" ?>
<testsuite errors="0" failures="6" hostname="Ilyas-MacBook-Pro.local" name="twitter.staff.SocialNetworkTestRunner" skipped="0" tests="14" time="0.218" timestamp="2016-11-15T21:37:30">
  <properties>
[...]
</properties>
  <testcase classname="twitter.staff.SocialNetworkTestRunner" name="yourTests_staffGoodImpl_guessFollowsGraphAlternatingCase" time="0.04">
    <failure message="Some of your tests failed when run against our correct implementation: 14 tests ran with 6 failures in 17 ms.&#xa;java.lang.NullPointerException: null&#xa;    at twitter.SocialNetworkTest.testGuessFollowsGraphNotContainHimself(SocialNetworkTest.java:85)&#xa;    ...&#xa;java.lang.NullPointerException: null&#xa;    at twitter.SocialNetworkTest.testGuessFollowsGraphUserContainsAllMentions(SocialNetworkTest.java:77)&#xa;    ...&#xa;java.lang.AssertionError: expected 4 users&#xa;    ...&#xa;    at twitter.SocialNetworkTest.testGuessFollowsGraphCheckUsers(SocialNetworkTest.java:68)&#xa;    ...&#xa;java.lang.NullPointerException: null&#xa;    at twitter.SocialNetworkTest.testGuessFollowsGraphWhenOnlyOneMention(SocialNetworkTest.java:92)&#xa;    ...&#xa;java.lang.NullPointerException: null&#xa;    at twitter.SocialNetworkTest.testGuessFollowsGraphManyTweetsAndUsers(SocialNetworkTest.java:101)&#xa;    ...&#xa;java.lang.AssertionError: expected 8 users&#xa;    ...&#xa;    at twitter.SocialNetworkTest.testInfluencersAllIncluded(SocialNetworkTest.java:119)&#xa;    ...&#xa;----" type="junit.framework.AssertionFailedError">junit.framework.AssertionFailedError: Some of your tests failed when run against our correct implementation: 14 tests ran with 6 failures in 17 ms.
java.lang.NullPointerException: null
    at twitter.SocialNetworkTest.testGuessFollowsGraphNotContainHimself(SocialNetworkTest.java:85)
    ...
java.lang.NullPointerException: null
    at twitter.SocialNetworkTest.testGuessFollowsGraphUserContainsAllMentions(SocialNetworkTest.java:77)
    ...
java.lang.AssertionError: expected 4 users
    ...
    at twitter.SocialNetworkTest.testGuessFollowsGraphCheckUsers(SocialNetworkTest.java:68)
    ...
java.lang.NullPointerException: null
    at twitter.SocialNetworkTest.testGuessFollowsGraphWhenOnlyOneMention(SocialNetworkTest.java:92)
    ...
java.lang.NullPointerException: null
    at twitter.SocialNetworkTest.testGuessFollowsGraphManyTweetsAndUsers(SocialNetworkTest.java:101)
    ...
java.lang.AssertionError: expected 8 users
    ...
    at twitter.SocialNetworkTest.testInfluencersAllIncluded(SocialNetworkTest.java:119)
    ...
----
	at twitter.staff.TestHelpers.assertSuccess(TestHelpers.java:50)
	at twitter.staff.SocialNetworkTestRunner.yourTests_staffGoodImpl_guessFollowsGraphAlternatingCase(SocialNetworkTestRunner.java:39)
</failure>
  </testcase>
  <testcase classname="twitter.staff.SocialNetworkTestRunner" name="yourTests_staffGoodImpl_guessFollowsGraphReturnsEmptyNodes" time="0.014">
    <failure message="Some of your tests failed when run against our correct implementation: 14 tests ran with 1 failure in 12 ms.&#xa;java.lang.AssertionError: expected 8 users&#xa;    ...&#xa;    at twitter.SocialNetworkTest.testInfluencersAllIncluded(SocialNetworkTest.java:119)&#xa;    ...&#xa;----" type="junit.framework.AssertionFailedError">junit.framework.AssertionFailedError: Some of your tests failed when run against our correct implementation: 14 tests ran with 1 failure in 12 ms.
java.lang.AssertionError: expected 8 users
    ...
    at twitter.SocialNetworkTest.testInfluencersAllIncluded(SocialNetworkTest.java:119)
    ...
----
	at twitter.staff.TestHelpers.assertSuccess(TestHelpers.java:50)
	at twitter.staff.SocialNetworkTestRunner.yourTests_staffGoodImpl_guessFollowsGraphReturnsEmptyNodes(SocialNetworkTestRunner.java:29)
</failure>
  </testcase>
  <testcase classname="twitter.staff.SocialNetworkTestRunner" name="yourTests_staffBadImpl_guessFollowsGraphCompleteGraphBug" time="0.004" />
  <testcase classname="twitter.staff.SocialNetworkTestRunner" name="yourTests_staffBadImpl_influencersMustBeCaseInsensitiveBug" time="0.009" />
  <testcase classname="twitter.staff.SocialNetworkTestRunner" name="yourTests_staffBadImpl_influencersReturnsFirstInRankOnlyBug" time="0.008" />
  <testcase classname="twitter.staff.SocialNetworkTestRunner" name="yourTests_staffGoodImpl_guessFollowsGraphReturnsNoEmptyNodes" time="0.01">
    <failure message="Some of your tests failed when run against our correct implementation: 14 tests ran with 3 failures in 6 ms.&#xa;java.lang.AssertionError: expected user7 before user5&#xa;    ...&#xa;    at twitter.SocialNetworkTest.testInfluencersCorrectOrderMiddle2(SocialNetworkTest.java:154)&#xa;    ...&#xa;java.lang.AssertionError: expected 4 users&#xa;    ...&#xa;    at twitter.SocialNetworkTest.testGuessFollowsGraphCheckUsers(SocialNetworkTest.java:68)&#xa;    ...&#xa;java.lang.AssertionError: expected 8 users&#xa;    ...&#xa;    at twitter.SocialNetworkTest.testInfluencersAllIncluded(SocialNetworkTest.java:119)&#xa;    ...&#xa;----" type="junit.framework.AssertionFailedError">junit.framework.AssertionFailedError: Some of your tests failed when run against our correct implementation: 14 tests ran with 3 failures in 6 ms.
java.lang.AssertionError: expected user7 before user5
    ...
    at twitter.SocialNetworkTest.testInfluencersCorrectOrderMiddle2(SocialNetworkTest.java:154)
    ...
java.lang.AssertionError: expected 4 users
    ...
    at twitter.SocialNetworkTest.testGuessFollowsGraphCheckUsers(SocialNetworkTest.java:68)
    ...
java.lang.AssertionError: expected 8 users
    ...
    at twitter.SocialNetworkTest.testInfluencersAllIncluded(SocialNetworkTest.java:119)
    ...
----
	at twitter.staff.TestHelpers.assertSuccess(TestHelpers.java:50)
	at twitter.staff.SocialNetworkTestRunner.yourTests_staffGoodImpl_guessFollowsGraphReturnsNoEmptyNodes(SocialNetworkTestRunner.java:34)
</failure>
  </testcase>
  <testcase classname="twitter.staff.SocialNetworkTestRunner" name="yourTests_staffBadImpl_guessFollowsGraphFollowsInWrongDirectionBug" time="0.009" />
  <testcase classname="twitter.staff.SocialNetworkTestRunner" name="yourTests_staffBadImpl_guessFollowsGraphAddsNonExistentUsersBug" time="0.012" />
  <testcase classname="twitter.staff.SocialNetworkTestRunner" name="yourTests_staffGoodImpl_guessFollowsGraphBidirectionalFollowing" time="0.011">
    <failure message="Some of your tests failed when run against our correct implementation: 14 tests ran with 3 failures in 5 ms.&#xa;java.lang.AssertionError: expect size 1 expected:&lt;1&gt; but was:&lt;3&gt;&#xa;    ...&#xa;    at twitter.SocialNetworkTest.testGuessFollowsGraphWhenOnlyOneMention(SocialNetworkTest.java:92)&#xa;    ...&#xa;org.junit.ComparisonFailure: expected user2 expected:&lt;user[2]&gt; but was:&lt;user[4]&gt;&#xa;    ...&#xa;    at twitter.SocialNetworkTest.testInfluencersCorrectOrderFirst(SocialNetworkTest.java:128)&#xa;    ...&#xa;java.lang.AssertionError: expected user3 before user4&#xa;    ...&#xa;    at twitter.SocialNetworkTest.testInfluencersCorrectOrderMiddle(SocialNetworkTest.java:145)&#xa;    ...&#xa;----" type="junit.framework.AssertionFailedError">junit.framework.AssertionFailedError: Some of your tests failed when run against our correct implementation: 14 tests ran with 3 failures in 5 ms.
java.lang.AssertionError: expect size 1 expected:&lt;1&gt; but was:&lt;3&gt;
    ...
    at twitter.SocialNetworkTest.testGuessFollowsGraphWhenOnlyOneMention(SocialNetworkTest.java:92)
    ...
    ...
    at twitter.SocialNetworkTest.testInfluencersCorrectOrderFirst(SocialNetworkTest.java:128)
    ...
java.lang.AssertionError: expected user3 before user4
    ...
    at twitter.SocialNetworkTest.testInfluencersCorrectOrderMiddle(SocialNetworkTest.java:145)
    ...
----
	at twitter.staff.TestHelpers.assertSuccess(TestHelpers.java:50)
	at twitter.staff.SocialNetworkTestRunner.yourTests_staffGoodImpl_guessFollowsGraphBidirectionalFollowing(SocialNetworkTestRunner.java:44)
</failure>
  </testcase>
  <testcase classname="twitter.staff.SocialNetworkTestRunner" name="yourTests_staffGoodImpl_influencersSameRankArbitraryOrder1" time="0.006">
    <failure message="Some of your tests failed when run against our correct implementation: 14 tests ran with 1 failure in 3 ms.&#xa;java.lang.AssertionError: expected 8 users&#xa;    ...&#xa;    at twitter.SocialNetworkTest.testInfluencersAllIncluded(SocialNetworkTest.java:119)&#xa;    ...&#xa;----" type="junit.framework.AssertionFailedError">junit.framework.AssertionFailedError: Some of your tests failed when run against our correct implementation: 14 tests ran with 1 failure in 3 ms.
java.lang.AssertionError: expected 8 users
    ...
    at twitter.SocialNetworkTest.testInfluencersAllIncluded(SocialNetworkTest.java:119)
    ...
----
	at twitter.staff.TestHelpers.assertSuccess(TestHelpers.java:50)
	at twitter.staff.SocialNetworkTestRunner.yourTests_staffGoodImpl_influencersSameRankArbitraryOrder1(SocialNetworkTestRunner.java:49)
</failure>
  </testcase>
  <testcase classname="twitter.staff.SocialNetworkTestRunner" name="yourTests_staffGoodImpl_influencersSameRankArbitraryOrder2" time="0.008">
    <failure message="Some of your tests failed when run against our correct implementation: 14 tests ran with 1 failure in 3 ms.&#xa;java.lang.AssertionError: expected 8 users&#xa;    ...&#xa;    at twitter.SocialNetworkTest.testInfluencersAllIncluded(SocialNetworkTest.java:119)&#xa;    ...&#xa;----" type="junit.framework.AssertionFailedError">junit.framework.AssertionFailedError: Some of your tests failed when run against our correct implementation: 14 tests ran with 1 failure in 3 ms.
java.lang.AssertionError: expected 8 users
    ...
    at twitter.SocialNetworkTest.testInfluencersAllIncluded(SocialNetworkTest.java:119)
    ...
----
	at twitter.staff.TestHelpers.assertSuccess(TestHelpers.java:50)
	at twitter.staff.SocialNetworkTestRunner.yourTests_staffGoodImpl_influencersSameRankArbitraryOrder2(SocialNetworkTestRunner.java:54)
</failure>
  </testcase>
  <testcase classname="twitter.staff.SocialNetworkTestRunner" name="yourTests_staffBadImpl_guessFollowsGraphMustBeCaseInsensitiveBug" time="0.008" />
  <testcase classname="twitter.staff.SocialNetworkTestRunner" name="yourTests_staffBadImpl_guessFollowsGraphSelfMentionBug" time="0.005" />
  <testcase classname="twitter.staff.SocialNetworkTestRunner" name="yourTests_staffBadImpl_influencersPrunesEmptyNodesBug" time="0.004" />
  <system-out><![CDATA[[user2, user3, user7, user6, user4, user1, user8, user5]
[user2, user3, user7, user6, user4, user1, user8, user5]
[user8, user5, user4, user3, user2, user1]
[user2, user3, user1, user7, user6, user4, user8, user5]
[user2, user3, user4, user5]
[user2, user3, user7, user6, user4, user1, user8]
[user4, user1, user2, user8, user7, user6, user3]
[@user2, user2, @user4, @user3, @user1, user3, user7, user6, user4, user1, tweet9, tweet8, tweet7, tweet6, tweet5, tweet4, tweet3, tweet2, tweet1, @user7, @user6, user8, user5]
[user4, user2, user1, user3, user8, user7, user6, user5]
[user2, user3, user7, user6, user4, user1, user8, user5]
[user2, user3, user1, user4, user6, user7, user5, user8]
[user2, user3, user7, user6, user4, user1, user8, user5]
[user2, user4, user3, user1, user7, user6, user8, user5]
[user2, user3, user1, user7, user6, user4]
]]></system-out>
  <system-err><![CDATA[]]></system-err>
</testsuite>
