<?xml version="1.0" encoding="UTF-8" ?>
<testsuite errors="0" failures="1" hostname="Ilyas-MacBook-Pro.local" name="twitter.staff.ExtractTestRunner" skipped="0" tests="13" time="0.21" timestamp="2016-11-15T16:03:41">
  <properties>
[...]
</properties>
  <testcase classname="twitter.staff.ExtractTestRunner" name="yourTests_staffBadImpl_getMentionedUsersOnlyReturnsFirstMentionBug" time="0.088" />
  <testcase classname="twitter.staff.ExtractTestRunner" name="yourTests_staffBadImpl_getMentionedUsersUsernameEndedWithPunctuationBug" time="0.004" />
  <testcase classname="twitter.staff.ExtractTestRunner" name="yourTests_staffBadImpl_getTimespanMultipleSameTimestampBug" time="0.004" />
  <testcase classname="twitter.staff.ExtractTestRunner" name="yourTests_staffBadImpl_getTimespanEmptyListBug" time="0.004" />
  <testcase classname="twitter.staff.ExtractTestRunner" name="yourTests_staffBadImpl_getTimespanReturnsGarbageBug" time="0.003" />
  <testcase classname="twitter.staff.ExtractTestRunner" name="yourTests_staffBadImpl_getMentionedUsersMustBeCaseInsensitiveBug" time="0.003" />
  <testcase classname="twitter.staff.ExtractTestRunner" name="yourTests_staffBadImpl_getMentionedUsersRepeatedAtSignBug" time="0.002" />
  <testcase classname="twitter.staff.ExtractTestRunner" name="yourTests_staffBadImpl_getMentionedUsersEmailAddressBug" time="0.002" />
  <testcase classname="twitter.staff.ExtractTestRunner" name="yourTests_staffBadImpl_getTimespanAssumesInOrderBug" time="0.002" />
  <testcase classname="twitter.staff.ExtractTestRunner" name="yourTests_staffGoodImpl_getTimespanEmptyListUsesToday_getMentionedUsersMixesUpCase" time="0.006">
    <failure message="Some of your tests failed when run against our correct implementation: 6 tests ran with 3 failures in 1 ms.&#xa;java.lang.AssertionError: expected:&lt;[user0_1-2, user89_-, _]&gt; but was:&lt;[uSeR0_1-2, uSeR89_-, _]&gt;&#xa;    ...&#xa;    at twitter.ExtractTest.getMentionedUserLengthSpecialSymbols(ExtractTest.java:78)&#xa;    ...&#xa;java.lang.AssertionError: expected:&lt;[user1, user2]&gt; but was:&lt;[uSeR2, uSeR1]&gt;&#xa;    ...&#xa;    at twitter.ExtractTest.getMentionedUserBeginnigEndString(ExtractTest.java:71)&#xa;    ...&#xa;java.lang.AssertionError: expected:&lt;[user1, user2, mit2, us]&gt; but was:&lt;[uSeR2, uSeR1, mIt2, uS]&gt;&#xa;    ...&#xa;    at twitter.ExtractTest.getMentionedUserBeginnigNotLegalSymbols(ExtractTest.java:85)&#xa;    ...&#xa;----" type="junit.framework.AssertionFailedError">junit.framework.AssertionFailedError: Some of your tests failed when run against our correct implementation: 6 tests ran with 3 failures in 1 ms.
java.lang.AssertionError: expected:&lt;[user0_1-2, user89_-, _]&gt; but was:&lt;[uSeR0_1-2, uSeR89_-, _]&gt;
    ...
    at twitter.ExtractTest.getMentionedUserLengthSpecialSymbols(ExtractTest.java:78)
    ...
java.lang.AssertionError: expected:&lt;[user1, user2]&gt; but was:&lt;[uSeR2, uSeR1]&gt;
    ...
    at twitter.ExtractTest.getMentionedUserBeginnigEndString(ExtractTest.java:71)
    ...
java.lang.AssertionError: expected:&lt;[user1, user2, mit2, us]&gt; but was:&lt;[uSeR2, uSeR1, mIt2, uS]&gt;
    ...
    at twitter.ExtractTest.getMentionedUserBeginnigNotLegalSymbols(ExtractTest.java:85)
    ...
----
	at twitter.staff.TestHelpers.assertSuccess(TestHelpers.java:50)
	at twitter.staff.ExtractTestRunner.yourTests_staffGoodImpl_getTimespanEmptyListUsesToday_getMentionedUsersMixesUpCase(ExtractTestRunner.java:28)
</failure>
  </testcase>
  <testcase classname="twitter.staff.ExtractTestRunner" name="yourTests_staffGoodImpl_getTimespanEmptyListUsesOldDate_getMentionedUsersLowerCasesEverything" time="0.005" />
  <testcase classname="twitter.staff.ExtractTestRunner" name="yourTests_staffBadImpl_getTimespanIndexOutOfBoundsBug" time="0.003" />
  <testcase classname="twitter.staff.ExtractTestRunner" name="yourTests_staffBadImpl_getTimespanSingleTweetBug" time="0.003" />
  <system-out><![CDATA[]]></system-out>
  <system-err><![CDATA[]]></system-err>
</testsuite>
