<?xml version="1.0" encoding="UTF-8" ?>
<testsuite errors="0" failures="0" hostname="Ilyas-MacBook-Pro.local" name="twitter.SocialNetworkTest" skipped="0" tests="14" time="0.164" timestamp="2016-11-15T21:09:43">
  <properties>
[...]
</properties>
  <testcase classname="twitter.SocialNetworkTest" name="testGuessFollowsGraphNotContainHimself" time="0.069" />
  <testcase classname="twitter.SocialNetworkTest" name="testInfluencersCorrectOrderMiddle2" time="0.006" />
  <testcase classname="twitter.SocialNetworkTest" name="testGuessFollowsGraphUserContainsAllMentions" time="0.002" />
  <testcase classname="twitter.SocialNetworkTest" name="testGuessFollowsGraphCheckUsers" time="0.001" />
  <testcase classname="twitter.SocialNetworkTest" name="testGuessFollowsGraphWhenOnlyOneMention" time="0.001" />
  <testcase classname="twitter.SocialNetworkTest" name="testInfluencersCorrectOrderFirst" time="0.002" />
  <testcase classname="twitter.SocialNetworkTest" name="testGuessFollowsGraphEmpty" time="0.0" />
  <testcase classname="twitter.SocialNetworkTest" name="testInfluencersCorrectOrderLast" time="0.001" />
  <testcase classname="twitter.SocialNetworkTest" name="testAssertionsEnabled" time="0.0" />
  <testcase classname="twitter.SocialNetworkTest" name="testInfluencersCorrectOrderMiddle" time="0.002" />
  <testcase classname="twitter.SocialNetworkTest" name="testGuessFollowsGraphManyTweetsAndUsers" time="0.001" />
  <testcase classname="twitter.SocialNetworkTest" name="testInfluencersAllIncluded" time="0.001" />
  <testcase classname="twitter.SocialNetworkTest" name="testInfluencersEmpty" time="0.0" />
  <testcase classname="twitter.SocialNetworkTest" name="testInfluencersMustBeCaseInsensitive" time="0.001" />
  <system-out><![CDATA[[user2, user3, user1, user7, user6, user4, user8, user5]
]]></system-out>
  <system-err><![CDATA[]]></system-err>
</testsuite>
